#
# There is insufficient memory for the Java Runtime Environment to continue.
# Native memory allocation (mmap) failed to map 65536 bytes for Failed to commit metaspace.
# Possible reasons:
#   The system is out of physical RAM or swap space
#   The process is running with CompressedOops enabled, and the Java Heap may be blocking the growth of the native heap
# Possible solutions:
#   Reduce memory load on the system
#   Increase physical memory or swap space
#   Check if swap backing store is full
#   Decrease Java heap size (-Xmx/-Xms)
#   Decrease number of Java threads
#   Decrease Java thread stack sizes (-Xss)
#   Set larger code cache with -XX:ReservedCodeCacheSize=
#   JVM is running with Unscaled Compressed Oops mode in which the Java heap is
#     placed in the first 4GB address space. The Java Heap base address is the
#     maximum limit for the native heap growth. Please use -XX:HeapBaseMinAddress
#     to set the Java Heap base and to place the Java Heap above 4GB virtual address.
# This output file may be truncated or incomplete.
#
#  Out of Memory Error (virtualSpaceNode.cpp:110), pid=29608, tid=24848
#
# JRE version: OpenJDK Runtime Environment Temurin-17.0.4.1+1 (17.0.4.1+1) (build 17.0.4.1+1)
# Java VM: OpenJDK 64-Bit Server VM Temurin-17.0.4.1+1 (17.0.4.1+1, mixed mode, emulated-client, tiered, compressed oops, compressed class ptrs, g1 gc, windows-amd64)
# No core dump will be written. Minidumps are not enabled by default on client versions of Windows
#

---------------  S U M M A R Y ------------

Command Line: -Dcom.sun.management.jmxremote -Dcom.sun.management.jmxremote.port=50302 -Dcom.sun.management.jmxremote.authenticate=false -Dcom.sun.management.jmxremote.ssl=false -Djava.rmi.server.hostname=localhost -Dspring.jmx.enabled=true -Dspring.application.admin.enabled=true -XX:TieredStopAtLevel=1 -Dspring.boot.project.name=Driver-Evg-Server -Dfile.encoding=UTF-8 -XX:+ShowCodeDetailsInExceptionMessages com.evgateway.server.EvgDriverServerApplication --spring.output.ansi.enabled=always

Host: 11th Gen Intel(R) Core(TM) i3-1125G4 @ 2.00GHz, 8 cores, 7G,  Windows 11 , 64 bit Build 22621 (10.0.22621.3374)
Time: Tue Apr  2 17:47:48 2024 India Standard Time elapsed time: 7.444189 seconds (0d 0h 0m 7s)

---------------  T H R E A D  ---------------

Current thread (0x0000023562abaa00):  JavaThread "restartedMain" [_thread_in_vm, id=24848, stack(0x000000e2e0000000,0x000000e2e0100000)]

Stack: [0x000000e2e0000000,0x000000e2e0100000]
Native frames: (J=compiled Java code, j=interpreted, Vv=VM code, C=native code)
V  [jvm.dll+0x67731a]
V  [jvm.dll+0x832284]
V  [jvm.dll+0x833a2e]
V  [jvm.dll+0x834093]
V  [jvm.dll+0x245775]
V  [jvm.dll+0x82e22b]
V  [jvm.dll+0x61bdf6]
V  [jvm.dll+0x1c07be]
V  [jvm.dll+0x61e741]
V  [jvm.dll+0x61c796]
V  [jvm.dll+0x239e0f]
V  [jvm.dll+0x6265a5]
V  [jvm.dll+0x1ea5db]
V  [jvm.dll+0x1eab15]
V  [jvm.dll+0x1eb54f]
V  [jvm.dll+0x1e09f1]
V  [jvm.dll+0x53c910]
V  [jvm.dll+0x7ad138]
V  [jvm.dll+0x7ad224]
V  [jvm.dll+0x40ccd5]
V  [jvm.dll+0x412ec8]
C  [java.dll+0x17ec]

Java frames: (J=compiled Java code, j=interpreted, Vv=VM code)
J 1193  java.lang.ClassLoader.defineClass1(Ljava/lang/ClassLoader;Ljava/lang/String;[BIILjava/security/ProtectionDomain;Ljava/lang/String;)Ljava/lang/Class; java.base@17.0.4.1 (0 bytes) @ 0x0000023556678adb [0x0000023556678a20+0x00000000000000bb]
J 1209 c1 java.lang.ClassLoader.defineClass(Ljava/lang/String;[BIILjava/security/ProtectionDomain;)Ljava/lang/Class; java.base@17.0.4.1 (43 bytes) @ 0x000002355667f0dc [0x000002355667efe0+0x00000000000000fc]
J 1246 c1 jdk.internal.loader.BuiltinClassLoader.defineClass(Ljava/lang/String;Ljdk/internal/loader/Resource;)Ljava/lang/Class; java.base@17.0.4.1 (121 bytes) @ 0x000002355668f544 [0x000002355668f0a0+0x00000000000004a4]
J 1227 c1 jdk.internal.loader.BuiltinClassLoader.findClassOnClassPathOrNull(Ljava/lang/String;)Ljava/lang/Class; java.base@17.0.4.1 (64 bytes) @ 0x000002355668629c [0x0000023556686000+0x000000000000029c]
J 1018 c1 jdk.internal.loader.BuiltinClassLoader.loadClassOrNull(Ljava/lang/String;Z)Ljava/lang/Class; java.base@17.0.4.1 (143 bytes) @ 0x0000023556632fc4 [0x0000023556632b80+0x0000000000000444]
J 1157 c1 jdk.internal.loader.ClassLoaders$AppClassLoader.loadClass(Ljava/lang/String;Z)Ljava/lang/Class; java.base@17.0.4.1 (40 bytes) @ 0x000002355666daa4 [0x000002355666d960+0x0000000000000144]
J 1146 c1 java.lang.ClassLoader.loadClass(Ljava/lang/String;)Ljava/lang/Class; java.base@17.0.4.1 (7 bytes) @ 0x0000023556669be4 [0x0000023556669ba0+0x0000000000000044]
v  ~StubRoutines::call_stub
j  org.hibernate.boot.model.source.internal.annotations.AnnotationMetadataSourceProcessorImpl.prepare()V+77
j  org.hibernate.boot.model.process.spi.MetadataBuildingProcess$1.prepare()V+13
j  org.hibernate.boot.model.process.spi.MetadataBuildingProcess.complete(Lorg/hibernate/boot/model/process/spi/ManagedResources;Lorg/hibernate/boot/spi/BootstrapContext;Lorg/hibernate/boot/spi/MetadataBuildingOptions;)Lorg/hibernate/boot/spi/MetadataImplementor;+132
j  org.hibernate.boot.model.process.spi.MetadataBuildingProcess.build(Lorg/hibernate/boot/MetadataSources;Lorg/hibernate/boot/spi/BootstrapContext;Lorg/hibernate/boot/spi/MetadataBuildingOptions;)Lorg/hibernate/boot/spi/MetadataImplementor;+7
j  org.hibernate.boot.internal.MetadataBuilderImpl.build()Lorg/hibernate/boot/spi/MetadataImplementor;+96
j  org.hibernate.boot.internal.MetadataBuilderImpl.build()Lorg/hibernate/boot/Metadata;+1
j  org.hibernate.cfg.Configuration.buildSessionFactory(Lorg/hibernate/service/ServiceRegistry;)Lorg/hibernate/SessionFactory;+358
j  org.hibernate.cfg.Configuration.buildSessionFactory()Lorg/hibernate/SessionFactory;+32
j  org.springframework.orm.hibernate5.LocalSessionFactoryBean.buildSessionFactory(Lorg/springframework/orm/hibernate5/LocalSessionFactoryBuilder;)Lorg/hibernate/SessionFactory;+19
j  org.springframework.orm.hibernate5.LocalSessionFactoryBean.afterPropertiesSet()V+608
j  org.springframework.beans.factory.support.AbstractAutowireCapableBeanFactory.invokeInitMethods(Ljava/lang/String;Ljava/lang/Object;Lorg/springframework/beans/factory/support/RootBeanDefinition;)V+106
j  org.springframework.beans.factory.support.AbstractAutowireCapableBeanFactory.initializeBean(Ljava/lang/String;Ljava/lang/Object;Lorg/springframework/beans/factory/support/RootBeanDefinition;)Ljava/lang/Object;+59
j  org.springframework.beans.factory.support.AbstractAutowireCapableBeanFactory.doCreateBean(Ljava/lang/String;Lorg/springframework/beans/factory/support/RootBeanDefinition;[Ljava/lang/Object;)Ljava/lang/Object;+245
j  org.springframework.beans.factory.support.AbstractAutowireCapableBeanFactory.createBean(Ljava/lang/String;Lorg/springframework/beans/factory/support/RootBeanDefinition;[Ljava/lang/Object;)Ljava/lang/Object;+169
j  org.springframework.beans.factory.support.AbstractBeanFactory.lambda$doGetBean$0(Ljava/lang/String;Lorg/springframework/beans/factory/support/RootBeanDefinition;[Ljava/lang/Object;)Ljava/lang/Object;+4
j  org.springframework.beans.factory.support.AbstractBeanFactory$$Lambda$356+0x0000000100337580.getObject()Ljava/lang/Object;+16
j  org.springframework.beans.factory.support.DefaultSingletonBeanRegistry.getSingleton(Ljava/lang/String;Lorg/springframework/beans/factory/ObjectFactory;)Ljava/lang/Object;+132
J 3620 c1 org.springframework.beans.factory.support.AbstractBeanFactory.doGetBean(Ljava/lang/String;Ljava/lang/Class;[Ljava/lang/Object;Z)Ljava/lang/Object; (832 bytes) @ 0x0000023556a75534 [0x0000023556a74f80+0x00000000000005b4]
j  org.springframework.beans.factory.support.AbstractBeanFactory.getBean(Ljava/lang/String;)Ljava/lang/Object;+5
j  org.springframework.beans.factory.config.DependencyDescriptor.resolveCandidate(Ljava/lang/String;Ljava/lang/Class;Lorg/springframework/beans/factory/BeanFactory;)Ljava/lang/Object;+2
j  org.springframework.beans.factory.support.DefaultListableBeanFactory.doResolveDependency(Lorg/springframework/beans/factory/config/DependencyDescriptor;Ljava/lang/String;Ljava/util/Set;Lorg/springframework/beans/TypeConverter;)Ljava/lang/Object;+440
j  org.springframework.beans.factory.support.DefaultListableBeanFactory.resolveDependency(Lorg/springframework/beans/factory/config/DependencyDescriptor;Ljava/lang/String;Ljava/util/Set;Lorg/springframework/beans/TypeConverter;)Ljava/lang/Object;+108
j  org.springframework.beans.factory.annotation.AutowiredAnnotationBeanPostProcessor$AutowiredFieldElement.resolveFieldValue(Ljava/lang/reflect/Field;Ljava/lang/Object;Ljava/lang/String;)Ljava/lang/Object;+81
j  org.springframework.beans.factory.annotation.AutowiredAnnotationBeanPostProcessor$AutowiredFieldElement.inject(Ljava/lang/Object;Ljava/lang/String;Lorg/springframework/beans/PropertyValues;)V+53
j  org.springframework.beans.factory.annotation.InjectionMetadata.inject(Ljava/lang/Object;Ljava/lang/String;Lorg/springframework/beans/PropertyValues;)V+68
j  org.springframework.beans.factory.annotation.AutowiredAnnotationBeanPostProcessor.postProcessProperties(Lorg/springframework/beans/PropertyValues;Ljava/lang/Object;Ljava/lang/String;)Lorg/springframework/beans/PropertyValues;+17
j  org.springframework.beans.factory.support.AbstractAutowireCapableBeanFactory.populateBean(Ljava/lang/String;Lorg/springframework/beans/factory/support/RootBeanDefinition;Lorg/springframework/beans/BeanWrapper;)V+265
j  org.springframework.beans.factory.support.AbstractAutowireCapableBeanFactory.doCreateBean(Ljava/lang/String;Lorg/springframework/beans/factory/support/RootBeanDefinition;[Ljava/lang/Object;)Ljava/lang/Object;+237
j  org.springframework.beans.factory.support.AbstractAutowireCapableBeanFactory.createBean(Ljava/lang/String;Lorg/springframework/beans/factory/support/RootBeanDefinition;[Ljava/lang/Object;)Ljava/lang/Object;+169
j  org.springframework.beans.factory.support.AbstractBeanFactory.lambda$doGetBean$0(Ljava/lang/String;Lorg/springframework/beans/factory/support/RootBeanDefinition;[Ljava/lang/Object;)Ljava/lang/Object;+4
j  org.springframework.beans.factory.support.AbstractBeanFactory$$Lambda$356+0x0000000100337580.getObject()Ljava/lang/Object;+16
j  org.springframework.beans.factory.support.DefaultSingletonBeanRegistry.getSingleton(Ljava/lang/String;Lorg/springframework/beans/factory/ObjectFactory;)Ljava/lang/Object;+132
J 3620 c1 org.springframework.beans.factory.support.AbstractBeanFactory.doGetBean(Ljava/lang/String;Ljava/lang/Class;[Ljava/lang/Object;Z)Ljava/lang/Object; (832 bytes) @ 0x0000023556a75534 [0x0000023556a74f80+0x00000000000005b4]
j  org.springframework.beans.factory.support.AbstractBeanFactory.getBean(Ljava/lang/String;)Ljava/lang/Object;+5
j  org.springframework.beans.factory.config.DependencyDescriptor.resolveCandidate(Ljava/lang/String;Ljava/lang/Class;Lorg/springframework/beans/factory/BeanFactory;)Ljava/lang/Object;+2
j  org.springframework.beans.factory.support.DefaultListableBeanFactory.doResolveDependency(Lorg/springframework/beans/factory/config/DependencyDescriptor;Ljava/lang/String;Ljava/util/Set;Lorg/springframework/beans/TypeConverter;)Ljava/lang/Object;+440
j  org.springframework.beans.factory.support.DefaultListableBeanFactory.resolveDependency(Lorg/springframework/beans/factory/config/DependencyDescriptor;Ljava/lang/String;Ljava/util/Set;Lorg/springframework/beans/TypeConverter;)Ljava/lang/Object;+108
j  org.springframework.beans.factory.annotation.AutowiredAnnotationBeanPostProcessor$AutowiredFieldElement.resolveFieldValue(Ljava/lang/reflect/Field;Ljava/lang/Object;Ljava/lang/String;)Ljava/lang/Object;+81
j  org.springframework.beans.factory.annotation.AutowiredAnnotationBeanPostProcessor$AutowiredFieldElement.inject(Ljava/lang/Object;Ljava/lang/String;Lorg/springframework/beans/PropertyValues;)V+53
j  org.springframework.beans.factory.annotation.InjectionMetadata.inject(Ljava/lang/Object;Ljava/lang/String;Lorg/springframework/beans/PropertyValues;)V+68
j  org.springframework.beans.factory.annotation.AutowiredAnnotationBeanPostProcessor.postProcessProperties(Lorg/springframework/beans/PropertyValues;Ljava/lang/Object;Ljava/lang/String;)Lorg/springframework/beans/PropertyValues;+17
j  org.springframework.beans.factory.support.AbstractAutowireCapableBeanFactory.populateBean(Ljava/lang/String;Lorg/springframework/beans/factory/support/RootBeanDefinition;Lorg/springframework/beans/BeanWrapper;)V+265
j  org.springframework.beans.factory.support.AbstractAutowireCapableBeanFactory.doCreateBean(Ljava/lang/String;Lorg/springframework/beans/factory/support/RootBeanDefinition;[Ljava/lang/Object;)Ljava/lang/Object;+237
j  org.springframework.beans.factory.support.AbstractAutowireCapableBeanFactory.createBean(Ljava/lang/String;Lorg/springframework/beans/factory/support/RootBeanDefinition;[Ljava/lang/Object;)Ljava/lang/Object;+169
j  org.springframework.beans.factory.support.AbstractBeanFactory.lambda$doGetBean$0(Ljava/lang/String;Lorg/springframework/beans/factory/support/RootBeanDefinition;[Ljava/lang/Object;)Ljava/lang/Object;+4
j  org.springframework.beans.factory.support.AbstractBeanFactory$$Lambda$356+0x0000000100337580.getObject()Ljava/lang/Object;+16
j  org.springframework.beans.factory.support.DefaultSingletonBeanRegistry.getSingleton(Ljava/lang/String;Lorg/springframework/beans/factory/ObjectFactory;)Ljava/lang/Object;+132
J 3620 c1 org.springframework.beans.factory.support.AbstractBeanFactory.doGetBean(Ljava/lang/String;Ljava/lang/Class;[Ljava/lang/Object;Z)Ljava/lang/Object; (832 bytes) @ 0x0000023556a75534 [0x0000023556a74f80+0x00000000000005b4]
j  org.springframework.beans.factory.support.AbstractBeanFactory.getBean(Ljava/lang/String;)Ljava/lang/Object;+5
j  org.springframework.beans.factory.config.DependencyDescriptor.resolveCandidate(Ljava/lang/String;Ljava/lang/Class;Lorg/springframework/beans/factory/BeanFactory;)Ljava/lang/Object;+2
j  org.springframework.beans.factory.support.DefaultListableBeanFactory.doResolveDependency(Lorg/springframework/beans/factory/config/DependencyDescriptor;Ljava/lang/String;Ljava/util/Set;Lorg/springframework/beans/TypeConverter;)Ljava/lang/Object;+440
j  org.springframework.beans.factory.support.DefaultListableBeanFactory.resolveDependency(Lorg/springframework/beans/factory/config/DependencyDescriptor;Ljava/lang/String;Ljava/util/Set;Lorg/springframework/beans/TypeConverter;)Ljava/lang/Object;+108
j  org.springframework.beans.factory.support.ConstructorResolver.resolveAutowiredArgument(Lorg/springframework/core/MethodParameter;Ljava/lang/String;Ljava/util/Set;Lorg/springframework/beans/TypeConverter;Z)Ljava/lang/Object;+79
j  org.springframework.beans.factory.support.ConstructorResolver.createArgumentArray(Ljava/lang/String;Lorg/springframework/beans/factory/support/RootBeanDefinition;Lorg/springframework/beans/factory/config/ConstructorArgumentValues;Lorg/springframework/beans/BeanWrapper;[Ljava/lang/Class;[Ljava/lang/String;Ljava/lang/reflect/Executable;ZZ)Lorg/springframework/beans/factory/support/ConstructorResolver$ArgumentsHolder;+434
j  org.springframework.beans.factory.support.ConstructorResolver.autowireConstructor(Ljava/lang/String;Lorg/springframework/beans/factory/support/RootBeanDefinition;[Ljava/lang/reflect/Constructor;[Ljava/lang/Object;)Lorg/springframework/beans/BeanWrapper;+545
j  org.springframework.beans.factory.support.AbstractAutowireCapableBeanFactory.autowireConstructor(Ljava/lang/String;Lorg/springframework/beans/factory/support/RootBeanDefinition;[Ljava/lang/reflect/Constructor;[Ljava/lang/Object;)Lorg/springframework/beans/BeanWrapper;+13
j  org.springframework.beans.factory.support.AbstractAutowireCapableBeanFactory.createBeanInstance(Ljava/lang/String;Lorg/springframework/beans/factory/support/RootBeanDefinition;[Ljava/lang/Object;)Lorg/springframework/beans/BeanWrapper;+222
j  org.springframework.beans.factory.support.AbstractAutowireCapableBeanFactory.doCreateBean(Ljava/lang/String;Lorg/springframework/beans/factory/support/RootBeanDefinition;[Ljava/lang/Object;)Ljava/lang/Object;+34
j  org.springframework.beans.factory.support.AbstractAutowireCapableBeanFactory.createBean(Ljava/lang/String;Lorg/springframework/beans/factory/support/RootBeanDefinition;[Ljava/lang/Object;)Ljava/lang/Object;+169
j  org.springframework.beans.factory.support.AbstractBeanFactory.lambda$doGetBean$0(Ljava/lang/String;Lorg/springframework/beans/factory/support/RootBeanDefinition;[Ljava/lang/Object;)Ljava/lang/Object;+4
j  org.springframework.beans.factory.support.AbstractBeanFactory$$Lambda$356+0x0000000100337580.getObject()Ljava/lang/Object;+16
j  org.springframework.beans.factory.support.DefaultSingletonBeanRegistry.getSingleton(Ljava/lang/String;Lorg/springframework/beans/factory/ObjectFactory;)Ljava/lang/Object;+132
J 3620 c1 org.springframework.beans.factory.support.AbstractBeanFactory.doGetBean(Ljava/lang/String;Ljava/lang/Class;[Ljava/lang/Object;Z)Ljava/lang/Object; (832 bytes) @ 0x0000023556a75534 [0x0000023556a74f80+0x00000000000005b4]
J 3130 c1 org.springframework.beans.factory.support.AbstractBeanFactory.getBean(Ljava/lang/String;Ljava/lang/Class;)Ljava/lang/Object; (9 bytes) @ 0x00000235569a4b64 [0x00000235569a4b20+0x0000000000000044]
j  org.springframework.boot.web.servlet.ServletContextInitializerBeans.getOrderedBeansOfType(Lorg/springframework/beans/factory/ListableBeanFactory;Ljava/lang/Class;Ljava/util/Set;)Ljava/util/List;+69
j  org.springframework.boot.web.servlet.ServletContextInitializerBeans.addAsRegistrationBean(Lorg/springframework/beans/factory/ListableBeanFactory;Ljava/lang/Class;Ljava/lang/Class;Lorg/springframework/boot/web/servlet/ServletContextInitializerBeans$RegistrationBeanAdapter;)V+7
j  org.springframework.boot.web.servlet.ServletContextInitializerBeans.addAsRegistrationBean(Lorg/springframework/beans/factory/ListableBeanFactory;Ljava/lang/Class;Lorg/springframework/boot/web/servlet/ServletContextInitializerBeans$RegistrationBeanAdapter;)V+5
j  org.springframework.boot.web.servlet.ServletContextInitializerBeans.addAdaptableBeans(Lorg/springframework/beans/factory/ListableBeanFactory;)V+33
j  org.springframework.boot.web.servlet.ServletContextInitializerBeans.<init>(Lorg/springframework/beans/factory/ListableBeanFactory;[Ljava/lang/Class;)V+54
j  org.springframework.boot.web.servlet.context.ServletWebServerApplicationContext.getServletContextInitializerBeans()Ljava/util/Collection;+12
j  org.springframework.boot.web.servlet.context.ServletWebServerApplicationContext.selfInitialize(Ljavax/servlet/ServletContext;)V+19
j  org.springframework.boot.web.servlet.context.ServletWebServerApplicationContext$$Lambda$671+0x00000001004d15e0.onStartup(Ljavax/servlet/ServletContext;)V+5
j  org.springframework.boot.web.embedded.tomcat.TomcatStarter.onStartup(Ljava/util/Set;Ljavax/servlet/ServletContext;)V+28
j  org.apache.catalina.core.StandardContext.startInternal()V+1076
j  org.apache.catalina.util.LifecycleBase.start()V+210
j  org.apache.catalina.core.ContainerBase$StartChild.call()Ljava/lang/Void;+4
j  org.apache.catalina.core.ContainerBase$StartChild.call()Ljava/lang/Object;+1
j  java.util.concurrent.FutureTask.run()V+39 java.base@17.0.4.1
j  org.apache.tomcat.util.threads.InlineExecutorService.execute(Ljava/lang/Runnable;)V+38
j  java.util.concurrent.AbstractExecutorService.submit(Ljava/util/concurrent/Callable;)Ljava/util/concurrent/Future;+20 java.base@17.0.4.1
j  org.apache.catalina.core.ContainerBase.startInternal()V+106
j  org.apache.catalina.core.StandardHost.startInternal()V+175
j  org.apache.catalina.util.LifecycleBase.start()V+210
j  org.apache.catalina.core.ContainerBase$StartChild.call()Ljava/lang/Void;+4
j  org.apache.catalina.core.ContainerBase$StartChild.call()Ljava/lang/Object;+1
j  java.util.concurrent.FutureTask.run()V+39 java.base@17.0.4.1
j  org.apache.tomcat.util.threads.InlineExecutorService.execute(Ljava/lang/Runnable;)V+38
j  java.util.concurrent.AbstractExecutorService.submit(Ljava/util/concurrent/Callable;)Ljava/util/concurrent/Future;+20 java.base@17.0.4.1
j  org.apache.catalina.core.ContainerBase.startInternal()V+106
j  org.apache.catalina.core.StandardEngine.startInternal()V+38
j  org.apache.catalina.util.LifecycleBase.start()V+210
j  org.apache.catalina.core.StandardService.startInternal()V+63
j  org.apache.catalina.util.LifecycleBase.start()V+210
j  org.apache.catalina.core.StandardServer.startInternal()V+53
j  org.apache.catalina.util.LifecycleBase.start()V+210
j  org.apache.catalina.startup.Tomcat.start()V+9
j  org.springframework.boot.web.embedded.tomcat.TomcatWebServer.initialize()V+64
j  org.springframework.boot.web.embedded.tomcat.TomcatWebServer.<init>(Lorg/apache/catalina/startup/Tomcat;ZLorg/springframework/boot/web/server/Shutdown;)V+66
j  org.springframework.boot.web.embedded.tomcat.TomcatServletWebServerFactory.getTomcatWebServer(Lorg/apache/catalina/startup/Tomcat;)Lorg/springframework/boot/web/embedded/tomcat/TomcatWebServer;+21
j  org.springframework.boot.web.embedded.tomcat.TomcatServletWebServerFactory.getWebServer([Lorg/springframework/boot/web/servlet/ServletContextInitializer;)Lorg/springframework/boot/web/server/WebServer;+212
j  org.springframework.boot.web.servlet.context.ServletWebServerApplicationContext.createWebServer()V+67
j  org.springframework.boot.web.servlet.context.ServletWebServerApplicationContext.onRefresh()V+5
j  org.springframework.context.support.AbstractApplicationContext.refresh()V+77
j  org.springframework.boot.web.servlet.context.ServletWebServerApplicationContext.refresh()V+1
j  org.springframework.boot.SpringApplication.refresh(Lorg/springframework/context/ConfigurableApplicationContext;)V+1
j  org.springframework.boot.SpringApplication.refreshContext(Lorg/springframework/context/ConfigurableApplicationContext;)V+16
j  org.springframework.boot.SpringApplication.run([Ljava/lang/String;)Lorg/springframework/context/ConfigurableApplicationContext;+107
j  org.springframework.boot.SpringApplication.run([Ljava/lang/Class;[Ljava/lang/String;)Lorg/springframework/context/ConfigurableApplicationContext;+9
j  org.springframework.boot.SpringApplication.run(Ljava/lang/Class;[Ljava/lang/String;)Lorg/springframework/context/ConfigurableApplicationContext;+9
j  com.evgateway.server.EvgDriverServerApplication.main([Ljava/lang/String;)V+3
v  ~StubRoutines::call_stub
j  jdk.internal.reflect.NativeMethodAccessorImpl.invoke0(Ljava/lang/reflect/Method;Ljava/lang/Object;[Ljava/lang/Object;)Ljava/lang/Object;+0 java.base@17.0.4.1
j  jdk.internal.reflect.NativeMethodAccessorImpl.invoke(Ljava/lang/Object;[Ljava/lang/Object;)Ljava/lang/Object;+133 java.base@17.0.4.1
j  jdk.internal.reflect.DelegatingMethodAccessorImpl.invoke(Ljava/lang/Object;[Ljava/lang/Object;)Ljava/lang/Object;+6 java.base@17.0.4.1
j  java.lang.reflect.Method.invoke(Ljava/lang/Object;[Ljava/lang/Object;)Ljava/lang/Object;+59 java.base@17.0.4.1
j  org.springframework.boot.devtools.restart.RestartLauncher.run()V+42
v  ~StubRoutines::call_stub

---------------  P R O C E S S  ---------------

Threads class SMR info:
_java_thread_list=0x0000023563216070, length=24, elements={
0x0000023552b68430, 0x00000235606ca8c0, 0x00000235606d8120, 0x000002356101e780,
0x000002356101f040, 0x00000235610200a0, 0x0000023561021100, 0x000002356104d0b0,
0x000002356104e8f0, 0x00000235611399c0, 0x0000023561139190, 0x00000235611b57c0,
0x00000235611480f0, 0x0000023561221070, 0x00000235619b45f0, 0x00000235619b8170,
0x0000023561a2c370, 0x0000023561aa16d0, 0x0000023561bca6c0, 0x0000023562a2a1b0,
0x0000023562a36890, 0x0000023562aba530, 0x0000023562abaa00, 0x0000023562abaed0
}

Java Threads: ( => current thread )
  0x0000023552b68430 JavaThread "main" [_thread_blocked, id=29904, stack(0x000000e2dd800000,0x000000e2dd900000)]
  0x00000235606ca8c0 JavaThread "Reference Handler" daemon [_thread_blocked, id=26448, stack(0x000000e2ddf00000,0x000000e2de000000)]
  0x00000235606d8120 JavaThread "Finalizer" daemon [_thread_blocked, id=2548, stack(0x000000e2de000000,0x000000e2de100000)]
  0x000002356101e780 JavaThread "Signal Dispatcher" daemon [_thread_blocked, id=17704, stack(0x000000e2de100000,0x000000e2de200000)]
  0x000002356101f040 JavaThread "Attach Listener" daemon [_thread_blocked, id=25736, stack(0x000000e2de200000,0x000000e2de300000)]
  0x00000235610200a0 JavaThread "Service Thread" daemon [_thread_blocked, id=24176, stack(0x000000e2de300000,0x000000e2de400000)]
  0x0000023561021100 JavaThread "Monitor Deflation Thread" daemon [_thread_blocked, id=17720, stack(0x000000e2de400000,0x000000e2de500000)]
  0x000002356104d0b0 JavaThread "C1 CompilerThread0" daemon [_thread_blocked, id=15512, stack(0x000000e2de500000,0x000000e2de600000)]
  0x000002356104e8f0 JavaThread "Sweeper thread" daemon [_thread_blocked, id=21752, stack(0x000000e2de600000,0x000000e2de700000)]
  0x00000235611399c0 JavaThread "Common-Cleaner" daemon [_thread_blocked, id=25804, stack(0x000000e2de700000,0x000000e2de800000)]
  0x0000023561139190 JavaThread "C1 CompilerThread1" daemon [_thread_blocked, id=23456, stack(0x000000e2de800000,0x000000e2de900000)]
  0x00000235611b57c0 JavaThread "C1 CompilerThread2" daemon [_thread_blocked, id=29888, stack(0x000000e2de900000,0x000000e2dea00000)]
  0x00000235611480f0 JavaThread "C1 CompilerThread3" daemon [_thread_blocked, id=3856, stack(0x000000e2dea00000,0x000000e2deb00000)]
  0x0000023561221070 JavaThread "Notification Thread" daemon [_thread_blocked, id=20872, stack(0x000000e2deb00000,0x000000e2dec00000)]
  0x00000235619b45f0 JavaThread "RMI TCP Accept-0" daemon [_thread_in_native, id=23484, stack(0x000000e2dec00000,0x000000e2ded00000)]
  0x00000235619b8170 JavaThread "RMI TCP Accept-50302" daemon [_thread_in_native, id=20644, stack(0x000000e2ded00000,0x000000e2dee00000)]
  0x0000023561a2c370 JavaThread "RMI TCP Accept-0" daemon [_thread_in_native, id=19740, stack(0x000000e2dee00000,0x000000e2def00000)]
  0x0000023561aa16d0 JavaThread "RMI TCP Connection(1)-127.0.0.1" daemon [_thread_in_native, id=20168, stack(0x000000e2df000000,0x000000e2df100000)]
  0x0000023561bca6c0 JavaThread "RMI Scheduler(0)" daemon [_thread_blocked, id=19588, stack(0x000000e2df100000,0x000000e2df200000)]
  0x0000023562a2a1b0 JavaThread "RMI TCP Connection(2)-127.0.0.1" daemon [_thread_in_native, id=14020, stack(0x000000e2df200000,0x000000e2df300000)]
  0x0000023562a36890 JavaThread "JMX server connection timeout 22" daemon [_thread_blocked, id=18248, stack(0x000000e2df300000,0x000000e2df400000)]
  0x0000023562aba530 JavaThread "Thread-0" [_thread_blocked, id=27676, stack(0x000000e2dff00000,0x000000e2e0000000)]
=>0x0000023562abaa00 JavaThread "restartedMain" [_thread_in_vm, id=24848, stack(0x000000e2e0000000,0x000000e2e0100000)]
  0x0000023562abaed0 JavaThread "logback-2" daemon [_thread_blocked, id=9956, stack(0x000000e2dfe00000,0x000000e2dff00000)]

Other Threads:
  0x00000235606b4b00 VMThread "VM Thread" [stack: 0x000000e2dde00000,0x000000e2ddf00000] [id=25024]
  0x0000023552b693c0 WatcherThread [stack: 0x000000e2def00000,0x000000e2df000000] [id=10456]
  0x0000023552bc25d0 GCTaskThread "GC Thread#0" [stack: 0x000000e2dd900000,0x000000e2dda00000] [id=18844]
  0x0000023562ac1040 GCTaskThread "GC Thread#1" [stack: 0x000000e2df400000,0x000000e2df500000] [id=19312]
  0x0000023562ac12f0 GCTaskThread "GC Thread#2" [stack: 0x000000e2df500000,0x000000e2df600000] [id=7252]
  0x0000023562aee120 GCTaskThread "GC Thread#3" [stack: 0x000000e2df600000,0x000000e2df700000] [id=23696]
  0x0000023562aee3d0 GCTaskThread "GC Thread#4" [stack: 0x000000e2df700000,0x000000e2df800000] [id=16768]
  0x0000023562aee680 GCTaskThread "GC Thread#5" [stack: 0x000000e2df800000,0x000000e2df900000] [id=20984]
  0x0000023562aee930 GCTaskThread "GC Thread#6" [stack: 0x000000e2df900000,0x000000e2dfa00000] [id=23180]
  0x0000023562aeebe0 GCTaskThread "GC Thread#7" [stack: 0x000000e2dfa00000,0x000000e2dfb00000] [id=24252]
  0x0000023552bd2920 ConcurrentGCThread "G1 Main Marker" [stack: 0x000000e2dda00000,0x000000e2ddb00000] [id=12132]
  0x0000023552bd3240 ConcurrentGCThread "G1 Conc#0" [stack: 0x000000e2ddb00000,0x000000e2ddc00000] [id=26336]
  0x0000023562daeb30 ConcurrentGCThread "G1 Conc#1" [stack: 0x000000e2e0100000,0x000000e2e0200000] [id=20112]
  0x0000023552c18670 ConcurrentGCThread "G1 Refine#0" [stack: 0x000000e2ddc00000,0x000000e2ddd00000] [id=24424]
  0x0000023562ac1e00 ConcurrentGCThread "G1 Refine#1" [stack: 0x000000e2dfb00000,0x000000e2dfc00000] [id=23480]
  0x0000023562ac20e0 ConcurrentGCThread "G1 Refine#2" [stack: 0x000000e2dfc00000,0x000000e2dfd00000] [id=19048]
  0x0000023562ac23c0 ConcurrentGCThread "G1 Refine#3" [stack: 0x000000e2dfd00000,0x000000e2dfe00000] [id=28040]
  0x00000235605324c0 ConcurrentGCThread "G1 Service" [stack: 0x000000e2ddd00000,0x000000e2dde00000] [id=24948]

Threads with active compile tasks:

VM state: not at safepoint (normal execution)

VM Mutex/Monitor currently owned by a thread:  ([mutex/lock_event])
[0x0000023552b63990] Metaspace_lock - owner thread: 0x0000023562abaa00

Heap address: 0x0000000085800000, size: 1960 MB, Compressed Oops mode: 32-bit

CDS archive(s) not mapped
Compressed class space mapped at: 0x0000000100000000-0x0000000140000000, reserved size: 1073741824
Narrow klass base: 0x0000000000000000, Narrow klass shift: 3, Narrow klass range: 0x140000000

GC Precious Log:
 CPUs: 8 total, 8 available
 Memory: 7834M
 Large Page Support: Disabled
 NUMA Support: Disabled
 Compressed Oops: Enabled (32-bit)
 Heap Region Size: 1M
 Heap Min Capacity: 8M
 Heap Initial Capacity: 124M
 Heap Max Capacity: 1960M
 Pre-touch: Disabled
 Parallel Workers: 8
 Concurrent Workers: 2
 Concurrent Refinement Workers: 8
 Periodic GC: Disabled

Heap:
 garbage-first heap   total 58368K, used 26944K [0x0000000085800000, 0x0000000100000000)
  region size 1024K, 5 young (5120K), 3 survivors (3072K)
 Metaspace       used 53234K, committed 53568K, reserved 1097728K
  class space    used 6816K, committed 6976K, reserved 1048576K

Heap Regions: E=young(eden), S=young(survivor), O=old, HS=humongous(starts), HC=humongous(continues), CS=collection set, F=free, OA=open archive, CA=closed archive, TAMS=top-at-mark-start (previous, next)
|   0|0x0000000085800000, 0x0000000085900000, 0x0000000085900000|100%|HS|  |TAMS 0x0000000085900000, 0x0000000085800000| Complete 
|   1|0x0000000085900000, 0x0000000085a00000, 0x0000000085a00000|100%| O|  |TAMS 0x0000000085a00000, 0x0000000085900000| Untracked 
|   2|0x0000000085a00000, 0x0000000085b00000, 0x0000000085b00000|100%| O|  |TAMS 0x0000000085b00000, 0x0000000085a00000| Untracked 
|   3|0x0000000085b00000, 0x0000000085c00000, 0x0000000085c00000|100%| O|  |TAMS 0x0000000085c00000, 0x0000000085b00000| Untracked 
|   4|0x0000000085c00000, 0x0000000085d00000, 0x0000000085d00000|100%| O|  |TAMS 0x0000000085d00000, 0x0000000085c00000| Untracked 
|   5|0x0000000085d00000, 0x0000000085e00000, 0x0000000085e00000|100%| O|  |TAMS 0x0000000085e00000, 0x0000000085d00000| Untracked 
|   6|0x0000000085e00000, 0x0000000085f00000, 0x0000000085f00000|100%| O|  |TAMS 0x0000000085f00000, 0x0000000085e00000| Untracked 
|   7|0x0000000085f00000, 0x0000000086000000, 0x0000000086000000|100%| O|  |TAMS 0x0000000086000000, 0x0000000085f00000| Untracked 
|   8|0x0000000086000000, 0x0000000086100000, 0x0000000086100000|100%| O|  |TAMS 0x0000000086100000, 0x0000000086000000| Untracked 
|   9|0x0000000086100000, 0x0000000086149a00, 0x0000000086200000| 28%| O|  |TAMS 0x0000000086149a00, 0x0000000086100000| Untracked 
|  10|0x0000000086200000, 0x0000000086300000, 0x0000000086300000|100%| O|  |TAMS 0x0000000086300000, 0x0000000086200000| Untracked 
|  11|0x0000000086300000, 0x0000000086400000, 0x0000000086400000|100%| O|  |TAMS 0x0000000086400000, 0x0000000086300000| Untracked 
|  12|0x0000000086400000, 0x0000000086500000, 0x0000000086500000|100%| O|  |TAMS 0x0000000086500000, 0x0000000086400000| Untracked 
|  13|0x0000000086500000, 0x0000000086600000, 0x0000000086600000|100%| O|  |TAMS 0x0000000086600000, 0x0000000086500000| Untracked 
|  14|0x0000000086600000, 0x0000000086700000, 0x0000000086700000|100%| O|  |TAMS 0x0000000086700000, 0x0000000086600000| Untracked 
|  15|0x0000000086700000, 0x0000000086800000, 0x0000000086800000|100%| O|  |TAMS 0x0000000086800000, 0x0000000086700000| Untracked 
|  16|0x0000000086800000, 0x0000000086900000, 0x0000000086900000|100%| O|  |TAMS 0x0000000086878000, 0x0000000086800000| Untracked 
|  17|0x0000000086900000, 0x0000000086a00000, 0x0000000086a00000|100%| O|  |TAMS 0x0000000086900000, 0x0000000086900000| Untracked 
|  18|0x0000000086a00000, 0x0000000086b00000, 0x0000000086b00000|100%| O|  |TAMS 0x0000000086a00000, 0x0000000086a00000| Untracked 
|  19|0x0000000086b00000, 0x0000000086c00000, 0x0000000086c00000|100%| O|  |TAMS 0x0000000086b00000, 0x0000000086b00000| Untracked 
|  20|0x0000000086c00000, 0x0000000086d00000, 0x0000000086d00000|100%| O|  |TAMS 0x0000000086c00000, 0x0000000086c00000| Untracked 
|  21|0x0000000086d00000, 0x0000000086e00000, 0x0000000086e00000|100%| O|  |TAMS 0x0000000086d00000, 0x0000000086d00000| Untracked 
|  22|0x0000000086e00000, 0x0000000086f00000, 0x0000000086f00000|100%| O|  |TAMS 0x0000000086e00000, 0x0000000086e00000| Untracked 
|  23|0x0000000086f00000, 0x0000000086ff7c00, 0x0000000087000000| 96%| O|  |TAMS 0x0000000086f00000, 0x0000000086f00000| Untracked 
|  24|0x0000000087000000, 0x0000000087000000, 0x0000000087100000|  0%| F|  |TAMS 0x0000000087000000, 0x0000000087000000| Untracked 
|  25|0x0000000087100000, 0x0000000087100000, 0x0000000087200000|  0%| F|  |TAMS 0x0000000087100000, 0x0000000087100000| Untracked 
|  26|0x0000000087200000, 0x0000000087200000, 0x0000000087300000|  0%| F|  |TAMS 0x0000000087200000, 0x0000000087200000| Untracked 
|  27|0x0000000087300000, 0x0000000087300000, 0x0000000087400000|  0%| F|  |TAMS 0x0000000087300000, 0x0000000087300000| Untracked 
|  28|0x0000000087400000, 0x0000000087400000, 0x0000000087500000|  0%| F|  |TAMS 0x0000000087400000, 0x0000000087400000| Untracked 
|  29|0x0000000087500000, 0x0000000087500000, 0x0000000087600000|  0%| F|  |TAMS 0x0000000087500000, 0x0000000087500000| Untracked 
|  30|0x0000000087600000, 0x0000000087600000, 0x0000000087700000|  0%| F|  |TAMS 0x0000000087600000, 0x0000000087600000| Untracked 
|  31|0x0000000087700000, 0x0000000087700000, 0x0000000087800000|  0%| F|  |TAMS 0x0000000087700000, 0x0000000087700000| Untracked 
|  32|0x0000000087800000, 0x0000000087800000, 0x0000000087900000|  0%| F|  |TAMS 0x0000000087800000, 0x0000000087800000| Untracked 
|  33|0x0000000087900000, 0x000000008790eb68, 0x0000000087a00000|  5%| S|CS|TAMS 0x0000000087900000, 0x0000000087900000| Complete 
|  34|0x0000000087a00000, 0x0000000087b00000, 0x0000000087b00000|100%| S|CS|TAMS 0x0000000087a00000, 0x0000000087a00000| Complete 
|  35|0x0000000087b00000, 0x0000000087c00000, 0x0000000087c00000|100%| S|CS|TAMS 0x0000000087b00000, 0x0000000087b00000| Complete 
|  36|0x0000000087c00000, 0x0000000087c00000, 0x0000000087d00000|  0%| F|  |TAMS 0x0000000087c00000, 0x0000000087c00000| Untracked 
|  37|0x0000000087d00000, 0x0000000087d00000, 0x0000000087e00000|  0%| F|  |TAMS 0x0000000087d00000, 0x0000000087d00000| Untracked 
|  38|0x0000000087e00000, 0x0000000087e00000, 0x0000000087f00000|  0%| F|  |TAMS 0x0000000087e00000, 0x0000000087e00000| Untracked 
|  39|0x0000000087f00000, 0x0000000087f00000, 0x0000000088000000|  0%| F|  |TAMS 0x0000000087f00000, 0x0000000087f00000| Untracked 
|  40|0x0000000088000000, 0x0000000088000000, 0x0000000088100000|  0%| F|  |TAMS 0x0000000088000000, 0x0000000088000000| Untracked 
|  41|0x0000000088100000, 0x0000000088100000, 0x0000000088200000|  0%| F|  |TAMS 0x0000000088100000, 0x0000000088100000| Untracked 
|  42|0x0000000088200000, 0x0000000088200000, 0x0000000088300000|  0%| F|  |TAMS 0x0000000088200000, 0x0000000088200000| Untracked 
|  43|0x0000000088300000, 0x0000000088300000, 0x0000000088400000|  0%| F|  |TAMS 0x0000000088300000, 0x0000000088300000| Untracked 
|  44|0x0000000088400000, 0x0000000088400000, 0x0000000088500000|  0%| F|  |TAMS 0x0000000088400000, 0x0000000088400000| Untracked 
|  45|0x0000000088500000, 0x0000000088500000, 0x0000000088600000|  0%| F|  |TAMS 0x0000000088500000, 0x0000000088500000| Untracked 
|  46|0x0000000088600000, 0x0000000088600000, 0x0000000088700000|  0%| F|  |TAMS 0x0000000088600000, 0x0000000088600000| Untracked 
|  47|0x0000000088700000, 0x0000000088700000, 0x0000000088800000|  0%| F|  |TAMS 0x0000000088700000, 0x0000000088700000| Untracked 
|  48|0x0000000088800000, 0x0000000088800000, 0x0000000088900000|  0%| F|  |TAMS 0x0000000088800000, 0x0000000088800000| Untracked 
|  49|0x0000000088900000, 0x0000000088900000, 0x0000000088a00000|  0%| F|  |TAMS 0x0000000088900000, 0x0000000088900000| Untracked 
|  50|0x0000000088a00000, 0x0000000088a00000, 0x0000000088b00000|  0%| F|  |TAMS 0x0000000088a00000, 0x0000000088a00000| Untracked 
|  51|0x0000000088b00000, 0x0000000088b00000, 0x0000000088c00000|  0%| F|  |TAMS 0x0000000088b00000, 0x0000000088b00000| Untracked 
|  52|0x0000000088c00000, 0x0000000088c00000, 0x0000000088d00000|  0%| F|  |TAMS 0x0000000088c00000, 0x0000000088c00000| Untracked 
| 106|0x000000008c200000, 0x000000008c200000, 0x000000008c300000|  0%| F|  |TAMS 0x000000008c200000, 0x000000008c200000| Untracked 
| 108|0x000000008c400000, 0x000000008c400000, 0x000000008c500000|  0%| F|  |TAMS 0x000000008c400000, 0x000000008c400000| Untracked 
| 122|0x000000008d200000, 0x000000008d2e8300, 0x000000008d300000| 90%| E|  |TAMS 0x000000008d200000, 0x000000008d200000| Complete 
| 123|0x000000008d300000, 0x000000008d400000, 0x000000008d400000|100%| E|CS|TAMS 0x000000008d300000, 0x000000008d300000| Complete 

Card table byte_map: [0x0000023559700000,0x0000023559ae0000] _byte_map_base: 0x00000235592d4000

Marking Bits (Prev, Next): (CMBitMap*) 0x0000023552bc2af0, (CMBitMap*) 0x0000023552bc2b30
 Prev Bits: [0x0000023559ec0000, 0x000002355bd60000)
 Next Bits: [0x000002355bd60000, 0x000002355dc00000)

Polling page: 0x0000023550cf0000

Metaspace:

Usage:
  Non-class:     45.33 MB used.
      Class:      6.66 MB used.
       Both:     51.99 MB used.

Virtual space:
  Non-class space:       48.00 MB reserved,      45.50 MB ( 95%) committed,  6 nodes.
      Class space:        1.00 GB reserved,       6.81 MB ( <1%) committed,  1 nodes.
             Both:        1.05 GB reserved,      52.31 MB (  5%) committed. 

Chunk freelists:
   Non-Class:  2.30 MB
       Class:  1.01 MB
        Both:  3.31 MB

MaxMetaspaceSize: unlimited
CompressedClassSpaceSize: 1.00 GB
Initial GC threshold: 21.00 MB
Current GC threshold: 58.88 MB
CDS: off
MetaspaceReclaimPolicy: balanced
 - commit_granule_bytes: 65536.
 - commit_granule_words: 8192.
 - virtual_space_node_default_size: 1048576.
 - enlarge_chunks_in_place: 1.
 - new_chunks_are_fully_committed: 0.
 - uncommit_free_chunks: 1.
 - use_allocation_guard: 0.
 - handle_deallocations: 1.


Internal statistics:

num_allocs_failed_limit: 6.
num_arena_births: 402.
num_arena_deaths: 0.
num_vsnodes_births: 7.
num_vsnodes_deaths: 0.
num_space_committed: 837.
num_space_uncommitted: 0.
num_chunks_returned_to_freelist: 6.
num_chunks_taken_from_freelist: 1854.
num_chunk_merges: 6.
num_chunk_splits: 1297.
num_chunks_enlarged: 989.
num_purges: 0.
num_inconsistent_stats: 0.

CodeCache: size=49152Kb used=10422Kb max_used=10422Kb free=38729Kb
 bounds [0x0000023556210000, 0x0000023556c40000, 0x0000023559210000]
 total_blobs=5235 nmethods=4646 adapters=513
 compilation: enabled
              stopped_count=0, restarted_count=0
 full_count=0

Compilation events (20 events):
Event: 7.386 Thread 0x00000235611b57c0 4638       1       java.util.ImmutableCollections$ListItr::<init> (25 bytes)
Event: 7.386 Thread 0x000002356104d0b0 nmethod 4636 0x0000023556c3aa90 code [0x0000023556c3ac20, 0x0000023556c3ad38]
Event: 7.386 Thread 0x0000023561139190 nmethod 4637 0x0000023556c3ad90 code [0x0000023556c3af40, 0x0000023556c3b108]
Event: 7.386 Thread 0x00000235611b57c0 nmethod 4638 0x0000023556c3b190 code [0x0000023556c3b320, 0x0000023556c3b438]
Event: 7.430 Thread 0x0000023561139190 4639       1       jdk.internal.reflect.ClassFileAssembler::setMaxLocals (6 bytes)
Event: 7.430 Thread 0x000002356104d0b0 4642       1       jdk.internal.reflect.ByteVectorImpl::<init> (17 bytes)
Event: 7.430 Thread 0x00000235611480f0 4641       1       jdk.internal.reflect.ByteVectorImpl::<init> (7 bytes)
Event: 7.430 Thread 0x00000235611b57c0 4640       1       jdk.internal.reflect.ByteVectorFactory::create (8 bytes)
Event: 7.430 Thread 0x0000023561139190 nmethod 4639 0x0000023556c3b790 code [0x0000023556c3b920, 0x0000023556c3b9f8]
Event: 7.430 Thread 0x00000235611480f0 nmethod 4641 0x0000023556c3ba90 code [0x0000023556c3bc20, 0x0000023556c3bdd8]
Event: 7.431 Thread 0x00000235611b57c0 nmethod 4640 0x0000023556c3be90 code [0x0000023556c3c020, 0x0000023556c3c218]
Event: 7.431 Thread 0x00000235611480f0 4643       1       jdk.internal.reflect.ClassFileAssembler::<init> (30 bytes)
Event: 7.431 Thread 0x000002356104d0b0 nmethod 4642 0x0000023556c3c310 code [0x0000023556c3c4a0, 0x0000023556c3c658]
Event: 7.431 Thread 0x00000235611b57c0 4644       1       jdk.internal.reflect.ClassFileAssembler::getMaxLocals (6 bytes)
Event: 7.431 Thread 0x00000235611480f0 nmethod 4643 0x0000023556c3c710 code [0x0000023556c3c8a0, 0x0000023556c3c9d8]
Event: 7.431 Thread 0x00000235611b57c0 nmethod 4644 0x0000023556c3ca90 code [0x0000023556c3cc20, 0x0000023556c3ccf8]
Event: 7.432 Thread 0x0000023561139190 4645       1       jdk.internal.reflect.ByteVectorImpl::resize (44 bytes)
Event: 7.432 Thread 0x000002356104d0b0 4646       1       jdk.internal.reflect.ClassFileAssembler::opc_new (16 bytes)
Event: 7.432 Thread 0x0000023561139190 nmethod 4645 0x0000023556c3cd90 code [0x0000023556c3cf40, 0x0000023556c3d1a8]
Event: 7.432 Thread 0x000002356104d0b0 nmethod 4646 0x0000023556c3d290 code [0x0000023556c3d460, 0x0000023556c3d688]

GC Heap History (20 events):
Event: 3.006 GC heap before
{Heap before GC invocations=5 (full 0):
 garbage-first heap   total 48128K, used 29820K [0x0000000085800000, 0x0000000100000000)
  region size 1024K, 21 young (21504K), 3 survivors (3072K)
 Metaspace       used 28649K, committed 28992K, reserved 1081344K
  class space    used 3433K, committed 3584K, reserved 1048576K
}
Event: 3.010 GC heap after
{Heap after GC invocations=6 (full 0):
 garbage-first heap   total 48128K, used 13663K [0x0000000085800000, 0x0000000100000000)
  region size 1024K, 3 young (3072K), 3 survivors (3072K)
 Metaspace       used 28649K, committed 28992K, reserved 1081344K
  class space    used 3433K, committed 3584K, reserved 1048576K
}
Event: 3.516 GC heap before
{Heap before GC invocations=6 (full 0):
 garbage-first heap   total 48128K, used 31071K [0x0000000085800000, 0x0000000100000000)
  region size 1024K, 21 young (21504K), 3 survivors (3072K)
 Metaspace       used 29641K, committed 29952K, reserved 1081344K
  class space    used 3554K, committed 3648K, reserved 1048576K
}
Event: 3.519 GC heap after
{Heap after GC invocations=7 (full 0):
 garbage-first heap   total 58368K, used 14885K [0x0000000085800000, 0x0000000100000000)
  region size 1024K, 3 young (3072K), 3 survivors (3072K)
 Metaspace       used 29641K, committed 29952K, reserved 1081344K
  class space    used 3554K, committed 3648K, reserved 1048576K
}
Event: 4.062 GC heap before
{Heap before GC invocations=7 (full 0):
 garbage-first heap   total 58368K, used 41509K [0x0000000085800000, 0x0000000100000000)
  region size 1024K, 29 young (29696K), 3 survivors (3072K)
 Metaspace       used 30944K, committed 31232K, reserved 1081344K
  class space    used 3726K, committed 3840K, reserved 1048576K
}
Event: 4.066 GC heap after
{Heap after GC invocations=8 (full 0):
 garbage-first heap   total 58368K, used 16400K [0x0000000085800000, 0x0000000100000000)
  region size 1024K, 3 young (3072K), 3 survivors (3072K)
 Metaspace       used 30944K, committed 31232K, reserved 1081344K
  class space    used 3726K, committed 3840K, reserved 1048576K
}
Event: 4.489 GC heap before
{Heap before GC invocations=8 (full 0):
 garbage-first heap   total 58368K, used 40976K [0x0000000085800000, 0x0000000100000000)
  region size 1024K, 28 young (28672K), 3 survivors (3072K)
 Metaspace       used 32469K, committed 32768K, reserved 1081344K
  class space    used 3921K, committed 4032K, reserved 1048576K
}
Event: 4.492 GC heap after
{Heap after GC invocations=9 (full 0):
 garbage-first heap   total 58368K, used 17451K [0x0000000085800000, 0x0000000100000000)
  region size 1024K, 3 young (3072K), 3 survivors (3072K)
 Metaspace       used 32469K, committed 32768K, reserved 1081344K
  class space    used 3921K, committed 4032K, reserved 1048576K
}
Event: 5.033 GC heap before
{Heap before GC invocations=9 (full 0):
 garbage-first heap   total 58368K, used 42027K [0x0000000085800000, 0x0000000100000000)
  region size 1024K, 27 young (27648K), 3 survivors (3072K)
 Metaspace       used 34964K, committed 35328K, reserved 1081344K
  class space    used 4293K, committed 4480K, reserved 1048576K
}
Event: 5.036 GC heap after
{Heap after GC invocations=10 (full 0):
 garbage-first heap   total 58368K, used 18855K [0x0000000085800000, 0x0000000100000000)
  region size 1024K, 3 young (3072K), 3 survivors (3072K)
 Metaspace       used 34964K, committed 35328K, reserved 1081344K
  class space    used 4293K, committed 4480K, reserved 1048576K
}
Event: 5.141 GC heap before
{Heap before GC invocations=10 (full 0):
 garbage-first heap   total 58368K, used 23975K [0x0000000085800000, 0x0000000100000000)
  region size 1024K, 9 young (9216K), 3 survivors (3072K)
 Metaspace       used 35675K, committed 35968K, reserved 1081344K
  class space    used 4411K, committed 4544K, reserved 1048576K
}
Event: 5.144 GC heap after
{Heap after GC invocations=11 (full 0):
 garbage-first heap   total 58368K, used 19701K [0x0000000085800000, 0x0000000100000000)
  region size 1024K, 3 young (3072K), 3 survivors (3072K)
 Metaspace       used 35675K, committed 35968K, reserved 1081344K
  class space    used 4411K, committed 4544K, reserved 1048576K
}
Event: 5.707 GC heap before
{Heap before GC invocations=12 (full 0):
 garbage-first heap   total 58368K, used 41205K [0x0000000085800000, 0x0000000100000000)
  region size 1024K, 25 young (25600K), 3 survivors (3072K)
 Metaspace       used 39007K, committed 39360K, reserved 1089536K
  class space    used 4900K, committed 5056K, reserved 1048576K
}
Event: 5.712 GC heap after
{Heap after GC invocations=13 (full 0):
 garbage-first heap   total 58368K, used 22119K [0x0000000085800000, 0x0000000100000000)
  region size 1024K, 4 young (4096K), 4 survivors (4096K)
 Metaspace       used 39007K, committed 39360K, reserved 1089536K
  class space    used 4900K, committed 5056K, reserved 1048576K
}
Event: 6.120 GC heap before
{Heap before GC invocations=13 (full 0):
 garbage-first heap   total 58368K, used 42599K [0x0000000085800000, 0x0000000100000000)
  region size 1024K, 25 young (25600K), 4 survivors (4096K)
 Metaspace       used 41175K, committed 41536K, reserved 1089536K
  class space    used 5135K, committed 5376K, reserved 1048576K
}
Event: 6.124 GC heap after
{Heap after GC invocations=14 (full 0):
 garbage-first heap   total 58368K, used 23908K [0x0000000085800000, 0x0000000100000000)
  region size 1024K, 2 young (2048K), 2 survivors (2048K)
 Metaspace       used 41175K, committed 41536K, reserved 1089536K
  class space    used 5135K, committed 5376K, reserved 1048576K
}
Event: 6.705 GC heap before
{Heap before GC invocations=14 (full 0):
 garbage-first heap   total 58368K, used 43364K [0x0000000085800000, 0x0000000100000000)
  region size 1024K, 21 young (21504K), 2 survivors (2048K)
 Metaspace       used 45843K, committed 46272K, reserved 1089536K
  class space    used 5799K, committed 6016K, reserved 1048576K
}
Event: 6.708 GC heap after
{Heap after GC invocations=15 (full 0):
 garbage-first heap   total 58368K, used 24987K [0x0000000085800000, 0x0000000100000000)
  region size 1024K, 2 young (2048K), 2 survivors (2048K)
 Metaspace       used 45843K, committed 46272K, reserved 1089536K
  class space    used 5799K, committed 6016K, reserved 1048576K
}
Event: 7.408 GC heap before
{Heap before GC invocations=15 (full 0):
 garbage-first heap   total 58368K, used 44443K [0x0000000085800000, 0x0000000100000000)
  region size 1024K, 21 young (21504K), 2 survivors (2048K)
 Metaspace       used 52860K, committed 53184K, reserved 1097728K
  class space    used 6763K, committed 6912K, reserved 1048576K
}
Event: 7.411 GC heap after
{Heap after GC invocations=16 (full 0):
 garbage-first heap   total 58368K, used 25920K [0x0000000085800000, 0x0000000100000000)
  region size 1024K, 3 young (3072K), 3 survivors (3072K)
 Metaspace       used 52860K, committed 53184K, reserved 1097728K
  class space    used 6763K, committed 6912K, reserved 1048576K
}

Deoptimization events (6 events):
Event: 2.521 Thread 0x0000023562abaa00 DEOPT PACKING pc=0x000002355683f019 sp=0x000000e2e00fcbc0
Event: 2.521 Thread 0x0000023562abaa00 DEOPT UNPACKING pc=0x0000023556266763 sp=0x000000e2e00fc0a0 mode 3
Event: 3.324 Thread 0x0000023562abaa00 DEOPT PACKING pc=0x000002355674017d sp=0x000000e2e00fd930
Event: 3.324 Thread 0x0000023562abaa00 DEOPT UNPACKING pc=0x0000023556266763 sp=0x000000e2e00fce98 mode 3
Event: 4.999 Thread 0x0000023562abaa00 DEOPT PACKING pc=0x0000023556ad5619 sp=0x000000e2e00fd510
Event: 4.999 Thread 0x0000023562abaa00 DEOPT UNPACKING pc=0x0000023556266763 sp=0x000000e2e00fc9f0 mode 3

Classes unloaded (0 events):
No events

Classes redefined (0 events):
No events

Internal exceptions (20 events):
Event: 5.209 Thread 0x0000023562a2a1b0 Exception <a 'java/lang/reflect/InvocationTargetException'{0x000000008c201b90}> (0x000000008c201b90) 
thrown [s\src\hotspot\share\runtime\reflection.cpp, line 1121]
Event: 5.224 Thread 0x0000023562abaa00 Exception <a 'java/lang/NoSuchMethodError'{0x000000008c2874f0}: 'java.lang.Object java.lang.invoke.DirectMethodHandle$Holder.invokeSpecialIFC(java.lang.Object, java.lang.Object, java.lang.Object)'> (0x000000008c2874f0) 
thrown [s\src\hotspot\share\interpreter\linkResolver.cpp, line 759]
Event: 5.435 Thread 0x0000023562abaa00 Exception <a 'java/lang/NoSuchMethodError'{0x00000000883eea98}: 'int java.lang.invoke.DirectMethodHandle$Holder.invokeSpecial(java.lang.Object, java.lang.Object, java.lang.Object, java.lang.Object, java.lang.Object)'> (0x00000000883eea98) 
thrown [s\src\hotspot\share\interpreter\linkResolver.cpp, line 759]
Event: 5.459 Thread 0x0000023562abaa00 Exception <a 'java/lang/NoSuchMethodError'{0x00000000882b1898}: 'void java.lang.invoke.DirectMethodHandle$Holder.invokeInterface(java.lang.Object, java.lang.Object, int)'> (0x00000000882b1898) 
thrown [s\src\hotspot\share\interpreter\linkResolver.cpp, line 759]
Event: 5.463 Thread 0x0000023562abaa00 Exception <a 'java/lang/IncompatibleClassChangeError'{0x00000000881013e0}: Found class java.lang.Object, but interface was expected> (0x00000000881013e0) 
thrown [s\src\hotspot\share\interpreter\linkResolver.cpp, line 826]
Event: 5.464 Thread 0x0000023562abaa00 Exception <a 'java/lang/NoSuchMethodError'{0x0000000088106568}: 'void java.lang.invoke.DirectMethodHandle$Holder.invokeStatic(java.lang.Object, int, java.lang.Object)'> (0x0000000088106568) 
thrown [s\src\hotspot\share\interpreter\linkResolver.cpp, line 759]
Event: 5.468 Thread 0x0000023562abaa00 Exception <a 'java/lang/NoSuchMethodError'{0x000000008813bce8}: 'int java.lang.invoke.DirectMethodHandle$Holder.invokeSpecial(java.lang.Object, java.lang.Object, int)'> (0x000000008813bce8) 
thrown [s\src\hotspot\share\interpreter\linkResolver.cpp, line 759]
Event: 5.714 Thread 0x0000023562a2a1b0 Exception <a 'java/lang/reflect/InvocationTargetException'{0x000000008d363058}> (0x000000008d363058) 
thrown [s\src\hotspot\share\runtime\reflection.cpp, line 1121]
Event: 5.861 Thread 0x0000023562abaa00 Exception <a 'sun/nio/fs/WindowsException'{0x0000000088990b78}> (0x0000000088990b78) 
thrown [s\src\hotspot\share\prims\jni.cpp, line 516]
Event: 5.862 Thread 0x0000023562abaa00 Exception <a 'sun/nio/fs/WindowsException'{0x0000000088996860}> (0x0000000088996860) 
thrown [s\src\hotspot\share\prims\jni.cpp, line 516]
Event: 5.862 Thread 0x0000023562abaa00 Exception <a 'sun/nio/fs/WindowsException'{0x0000000088996b60}> (0x0000000088996b60) 
thrown [s\src\hotspot\share\prims\jni.cpp, line 516]
Event: 5.863 Thread 0x0000023562abaa00 Exception <a 'sun/nio/fs/WindowsException'{0x0000000088997bf0}> (0x0000000088997bf0) 
thrown [s\src\hotspot\share\prims\jni.cpp, line 516]
Event: 5.863 Thread 0x0000023562abaa00 Exception <a 'sun/nio/fs/WindowsException'{0x0000000088997f50}> (0x0000000088997f50) 
thrown [s\src\hotspot\share\prims\jni.cpp, line 516]
Event: 6.009 Thread 0x0000023562abaa00 Exception <a 'java/io/FileNotFoundException'{0x000000008826bcd8}> (0x000000008826bcd8) 
thrown [s\src\hotspot\share\prims\jni.cpp, line 516]
Event: 6.042 Thread 0x0000023562abaa00 Exception <a 'java/lang/NoSuchMethodError'{0x0000000088079c20}: 'int java.lang.invoke.DirectMethodHandle$Holder.invokeInterface(java.lang.Object, java.lang.Object, java.lang.Object, java.lang.Object)'> (0x0000000088079c20) 
thrown [s\src\hotspot\share\interpreter\linkResolver.cpp, line 759]
Event: 6.268 Thread 0x0000023562a2a1b0 Exception <a 'java/lang/reflect/InvocationTargetException'{0x0000000088a01b90}> (0x0000000088a01b90) 
thrown [s\src\hotspot\share\runtime\reflection.cpp, line 1121]
Event: 6.822 Thread 0x0000023562a2a1b0 Exception <a 'java/lang/reflect/InvocationTargetException'{0x0000000088c5f9d0}> (0x0000000088c5f9d0) 
thrown [s\src\hotspot\share\runtime\reflection.cpp, line 1121]
Event: 6.989 Thread 0x0000023562abaa00 Exception <a 'sun/nio/fs/WindowsException'{0x0000000088754260}> (0x0000000088754260) 
thrown [s\src\hotspot\share\prims\jni.cpp, line 516]
Event: 7.002 Thread 0x0000023562abaa00 Exception <a 'java/lang/NoSuchMethodError'{0x0000000088774dc8}: 'int java.lang.invoke.DirectMethodHandle$Holder.invokeStaticInit(java.lang.Object, java.lang.Object, java.lang.Object, java.lang.Object)'> (0x0000000088774dc8) 
thrown [s\src\hotspot\share\interpreter\linkResolver.cpp, line 759]
Event: 7.326 Thread 0x0000023562a2a1b0 Exception <a 'java/lang/reflect/InvocationTargetException'{0x00000000881e3278}> (0x00000000881e3278) 
thrown [s\src\hotspot\share\runtime\reflection.cpp, line 1121]

VM Operations (20 events):
Event: 6.556 Executing VM operation: HandshakeAllThreads
Event: 6.556 Executing VM operation: HandshakeAllThreads done
Event: 6.704 Executing VM operation: G1CollectForAllocation
Event: 6.708 Executing VM operation: G1CollectForAllocation done
Event: 6.783 Executing VM operation: HandshakeAllThreads
Event: 6.783 Executing VM operation: HandshakeAllThreads done
Event: 6.991 Executing VM operation: HandshakeAllThreads
Event: 6.991 Executing VM operation: HandshakeAllThreads done
Event: 6.996 Executing VM operation: HandshakeAllThreads
Event: 6.996 Executing VM operation: HandshakeAllThreads done
Event: 7.119 Executing VM operation: HandshakeAllThreads
Event: 7.119 Executing VM operation: HandshakeAllThreads done
Event: 7.238 Executing VM operation: HandshakeAllThreads
Event: 7.238 Executing VM operation: HandshakeAllThreads done
Event: 7.242 Executing VM operation: HandshakeAllThreads
Event: 7.242 Executing VM operation: HandshakeAllThreads done
Event: 7.242 Executing VM operation: HandshakeAllThreads
Event: 7.242 Executing VM operation: HandshakeAllThreads done
Event: 7.408 Executing VM operation: G1CollectForAllocation
Event: 7.411 Executing VM operation: G1CollectForAllocation done

Events (20 events):
Event: 7.223 loading class sun/security/ssl/Alert$AlertConsumer
Event: 7.223 loading class sun/security/ssl/Alert$AlertConsumer done
Event: 7.223 loading class sun/security/ssl/Alert$Level
Event: 7.223 loading class sun/security/ssl/Alert$Level done
Event: 7.223 loading class javax/crypto/AEADBadTagException
Event: 7.223 loading class javax/crypto/AEADBadTagException done
Event: 7.223 loading class javax/net/ssl/SSLHandshakeException
Event: 7.223 loading class javax/net/ssl/SSLHandshakeException done
Event: 7.237 loading class sun/nio/cs/UTF_16LE$Decoder
Event: 7.237 loading class sun/nio/cs/UnicodeDecoder
Event: 7.237 loading class sun/nio/cs/UnicodeDecoder done
Event: 7.237 loading class sun/nio/cs/UTF_16LE$Decoder done
Event: 7.241 loading class java/util/JumboEnumSet
Event: 7.241 loading class java/util/JumboEnumSet done
Event: 7.242 loading class java/util/JumboEnumSet$EnumSetIterator
Event: 7.242 loading class java/util/JumboEnumSet$EnumSetIterator done
Event: 7.295 loading class java/lang/AbstractMethodError
Event: 7.295 loading class java/lang/AbstractMethodError done
Event: 7.340 loading class java/math/MathContext
Event: 7.340 loading class java/math/MathContext done


Dynamic libraries:
0x00007ff7a9e90000 - 0x00007ff7a9e9e000 	C:\Users\Evgateway India\Downloads\sts-4.16.1.RELEASE\plugins\org.eclipse.justj.openjdk.hotspot.jre.full.win32.x86_64_17.0.4.v20221004-1257\jre\bin\javaw.exe
0x00007ff8f4db0000 - 0x00007ff8f4fc6000 	C:\WINDOWS\SYSTEM32\ntdll.dll
0x00007ff8f3a20000 - 0x00007ff8f3ae4000 	C:\WINDOWS\System32\KERNEL32.DLL
0x00007ff8f24d0000 - 0x00007ff8f2877000 	C:\WINDOWS\System32\KERNELBASE.dll
0x00007ff8f2380000 - 0x00007ff8f2491000 	C:\WINDOWS\System32\ucrtbase.dll
0x00007ff8d25e0000 - 0x00007ff8d25f8000 	C:\Users\Evgateway India\Downloads\sts-4.16.1.RELEASE\plugins\org.eclipse.justj.openjdk.hotspot.jre.full.win32.x86_64_17.0.4.v20221004-1257\jre\bin\jli.dll
0x00007ff8f2b60000 - 0x00007ff8f2d0e000 	C:\WINDOWS\System32\USER32.dll
0x00007ff8f24a0000 - 0x00007ff8f24c6000 	C:\WINDOWS\System32\win32u.dll
0x00007ff8f3090000 - 0x00007ff8f30b9000 	C:\WINDOWS\System32\GDI32.dll
0x00007ff8f21f0000 - 0x00007ff8f2309000 	C:\WINDOWS\System32\gdi32full.dll
0x00007ff8f20d0000 - 0x00007ff8f216a000 	C:\WINDOWS\System32\msvcp_win.dll
0x00007ff8d2600000 - 0x00007ff8d2619000 	C:\Users\Evgateway India\Downloads\sts-4.16.1.RELEASE\plugins\org.eclipse.justj.openjdk.hotspot.jre.full.win32.x86_64_17.0.4.v20221004-1257\jre\bin\VCRUNTIME140.dll
0x00007ff8d0560000 - 0x00007ff8d07f3000 	C:\WINDOWS\WinSxS\amd64_microsoft.windows.common-controls_6595b64144ccf1df_6.0.22621.3235_none_270f74e173860f98\COMCTL32.dll
0x00007ff8f2ee0000 - 0x00007ff8f2f87000 	C:\WINDOWS\System32\msvcrt.dll
0x00007ff8f3050000 - 0x00007ff8f3081000 	C:\WINDOWS\System32\IMM32.DLL
0x00007ff8d34e0000 - 0x00007ff8d34ec000 	C:\Users\Evgateway India\Downloads\sts-4.16.1.RELEASE\plugins\org.eclipse.justj.openjdk.hotspot.jre.full.win32.x86_64_17.0.4.v20221004-1257\jre\bin\vcruntime140_1.dll
0x00007ff89fee0000 - 0x00007ff89ff71000 	C:\Users\Evgateway India\Downloads\sts-4.16.1.RELEASE\plugins\org.eclipse.justj.openjdk.hotspot.jre.full.win32.x86_64_17.0.4.v20221004-1257\jre\bin\msvcp140.dll
0x00007ff8668c0000 - 0x00007ff867506000 	C:\Users\Evgateway India\Downloads\sts-4.16.1.RELEASE\plugins\org.eclipse.justj.openjdk.hotspot.jre.full.win32.x86_64_17.0.4.v20221004-1257\jre\bin\server\jvm.dll
0x00007ff8f2f90000 - 0x00007ff8f3042000 	C:\WINDOWS\System32\ADVAPI32.dll
0x00007ff8f2d10000 - 0x00007ff8f2db8000 	C:\WINDOWS\System32\sechost.dll
0x00007ff8f2940000 - 0x00007ff8f2968000 	C:\WINDOWS\System32\bcrypt.dll
0x00007ff8f2dc0000 - 0x00007ff8f2ed5000 	C:\WINDOWS\System32\RPCRT4.dll
0x00007ff8f4230000 - 0x00007ff8f4238000 	C:\WINDOWS\System32\PSAPI.DLL
0x00007ff8c5770000 - 0x00007ff8c5779000 	C:\WINDOWS\SYSTEM32\WSOCK32.dll
0x00007ff8f2ae0000 - 0x00007ff8f2b51000 	C:\WINDOWS\System32\WS2_32.dll
0x00007ff8e6180000 - 0x00007ff8e61b4000 	C:\WINDOWS\SYSTEM32\WINMM.dll
0x00007ff8e3830000 - 0x00007ff8e383a000 	C:\WINDOWS\SYSTEM32\VERSION.dll
0x00007ff8f1120000 - 0x00007ff8f1138000 	C:\WINDOWS\SYSTEM32\kernel.appcore.dll
0x00007ff8ddee0000 - 0x00007ff8ddeea000 	C:\Users\Evgateway India\Downloads\sts-4.16.1.RELEASE\plugins\org.eclipse.justj.openjdk.hotspot.jre.full.win32.x86_64_17.0.4.v20221004-1257\jre\bin\jimage.dll
0x00007ff8efa70000 - 0x00007ff8efca3000 	C:\WINDOWS\SYSTEM32\DBGHELP.DLL
0x00007ff8f3cf0000 - 0x00007ff8f4078000 	C:\WINDOWS\System32\combase.dll
0x00007ff8f4aa0000 - 0x00007ff8f4b77000 	C:\WINDOWS\System32\OLEAUT32.dll
0x00007ff8cc770000 - 0x00007ff8cc7a2000 	C:\WINDOWS\SYSTEM32\dbgcore.DLL
0x00007ff8f2170000 - 0x00007ff8f21e9000 	C:\WINDOWS\System32\bcryptPrimitives.dll
0x00007ff8bf480000 - 0x00007ff8bf4a5000 	C:\Users\Evgateway India\Downloads\sts-4.16.1.RELEASE\plugins\org.eclipse.justj.openjdk.hotspot.jre.full.win32.x86_64_17.0.4.v20221004-1257\jre\bin\java.dll
0x00007ff8c9530000 - 0x00007ff8c9548000 	C:\Users\Evgateway India\Downloads\sts-4.16.1.RELEASE\plugins\org.eclipse.justj.openjdk.hotspot.jre.full.win32.x86_64_17.0.4.v20221004-1257\jre\bin\zip.dll
0x00007ff8f4240000 - 0x00007ff8f4a9c000 	C:\WINDOWS\System32\SHELL32.dll
0x00007ff8f0050000 - 0x00007ff8f0949000 	C:\WINDOWS\SYSTEM32\windows.storage.dll
0x00007ff8eff10000 - 0x00007ff8f004e000 	C:\WINDOWS\SYSTEM32\wintypes.dll
0x00007ff8f3bf0000 - 0x00007ff8f3ce3000 	C:\WINDOWS\System32\SHCORE.dll
0x00007ff8f3440000 - 0x00007ff8f349e000 	C:\WINDOWS\System32\shlwapi.dll
0x00007ff8f2000000 - 0x00007ff8f2021000 	C:\WINDOWS\SYSTEM32\profapi.dll
0x00007ff8c9350000 - 0x00007ff8c9369000 	C:\Users\Evgateway India\Downloads\sts-4.16.1.RELEASE\plugins\org.eclipse.justj.openjdk.hotspot.jre.full.win32.x86_64_17.0.4.v20221004-1257\jre\bin\net.dll
0x00007ff8e7c30000 - 0x00007ff8e7d66000 	C:\WINDOWS\SYSTEM32\WINHTTP.dll
0x00007ff8f1590000 - 0x00007ff8f15f9000 	C:\WINDOWS\system32\mswsock.dll
0x00007ff8c92a0000 - 0x00007ff8c92b5000 	C:\Users\Evgateway India\Downloads\sts-4.16.1.RELEASE\plugins\org.eclipse.justj.openjdk.hotspot.jre.full.win32.x86_64_17.0.4.v20221004-1257\jre\bin\nio.dll
0x00007ff8d94d0000 - 0x00007ff8d94d9000 	C:\Users\Evgateway India\Downloads\sts-4.16.1.RELEASE\plugins\org.eclipse.justj.openjdk.hotspot.jre.full.win32.x86_64_17.0.4.v20221004-1257\jre\bin\management.dll
0x00007ff8d81c0000 - 0x00007ff8d81cb000 	C:\Users\Evgateway India\Downloads\sts-4.16.1.RELEASE\plugins\org.eclipse.justj.openjdk.hotspot.jre.full.win32.x86_64_17.0.4.v20221004-1257\jre\bin\management_ext.dll
0x00007ff8bff60000 - 0x00007ff8bff77000 	C:\WINDOWS\system32\napinsp.dll
0x00007ff8bff40000 - 0x00007ff8bff5b000 	C:\WINDOWS\system32\pnrpnsp.dll
0x00007ff8f0c20000 - 0x00007ff8f0d19000 	C:\WINDOWS\SYSTEM32\DNSAPI.dll
0x00007ff8f0bf0000 - 0x00007ff8f0c1d000 	C:\WINDOWS\SYSTEM32\IPHLPAPI.DLL
0x00007ff8f3430000 - 0x00007ff8f3439000 	C:\WINDOWS\System32\NSI.dll
0x00007ff8bff20000 - 0x00007ff8bff31000 	C:\WINDOWS\System32\winrnr.dll
0x00007ff8e3cd0000 - 0x00007ff8e3ce5000 	C:\WINDOWS\system32\wshbth.dll
0x00007ff8bfef0000 - 0x00007ff8bff11000 	C:\WINDOWS\system32\nlansp_c.dll
0x00007ff8defb0000 - 0x00007ff8defba000 	C:\Windows\System32\rasadhlp.dll
0x00007ff8df0b0000 - 0x00007ff8df133000 	C:\WINDOWS\System32\fwpuclnt.dll
0x00007ff8f17e0000 - 0x00007ff8f17fb000 	C:\WINDOWS\SYSTEM32\CRYPTSP.dll
0x00007ff8f1080000 - 0x00007ff8f10b5000 	C:\WINDOWS\system32\rsaenh.dll
0x00007ff8f1680000 - 0x00007ff8f16a8000 	C:\WINDOWS\SYSTEM32\USERENV.dll
0x00007ff8f1800000 - 0x00007ff8f180c000 	C:\WINDOWS\SYSTEM32\CRYPTBASE.dll
0x00007ff8e8380000 - 0x00007ff8e8399000 	C:\WINDOWS\SYSTEM32\dhcpcsvc6.DLL
0x00007ff8e8360000 - 0x00007ff8e837f000 	C:\WINDOWS\SYSTEM32\dhcpcsvc.DLL
0x00007ff8d9530000 - 0x00007ff8d9540000 	C:\Users\Evgateway India\Downloads\sts-4.16.1.RELEASE\plugins\org.eclipse.justj.openjdk.hotspot.jre.full.win32.x86_64_17.0.4.v20221004-1257\jre\bin\verify.dll
0x00007ff8d5ea0000 - 0x00007ff8d5eae000 	C:\Users\Evgateway India\Downloads\sts-4.16.1.RELEASE\plugins\org.eclipse.justj.openjdk.hotspot.jre.full.win32.x86_64_17.0.4.v20221004-1257\jre\bin\sunmscapi.dll
0x00007ff8f2970000 - 0x00007ff8f2ad6000 	C:\WINDOWS\System32\CRYPT32.dll
0x00007ff8f1a90000 - 0x00007ff8f1abe000 	C:\WINDOWS\SYSTEM32\ncrypt.dll
0x00007ff8f1a50000 - 0x00007ff8f1a87000 	C:\WINDOWS\SYSTEM32\NTASN1.dll

dbghelp: loaded successfully - version: 4.0.5 - missing functions: none
symbol engine: initialized successfully - sym options: 0x614 - pdb path: .;C:\Users\Evgateway India\Downloads\sts-4.16.1.RELEASE\plugins\org.eclipse.justj.openjdk.hotspot.jre.full.win32.x86_64_17.0.4.v20221004-1257\jre\bin;C:\WINDOWS\SYSTEM32;C:\WINDOWS\WinSxS\amd64_microsoft.windows.common-controls_6595b64144ccf1df_6.0.22621.3235_none_270f74e173860f98;C:\Users\Evgateway India\Downloads\sts-4.16.1.RELEASE\plugins\org.eclipse.justj.openjdk.hotspot.jre.full.win32.x86_64_17.0.4.v20221004-1257\jre\bin\server

VM Arguments:
jvm_args: -Dcom.sun.management.jmxremote -Dcom.sun.management.jmxremote.port=50302 -Dcom.sun.management.jmxremote.authenticate=false -Dcom.sun.management.jmxremote.ssl=false -Djava.rmi.server.hostname=localhost -Dspring.jmx.enabled=true -Dspring.application.admin.enabled=true -XX:TieredStopAtLevel=1 -Dspring.boot.project.name=Driver-Evg-Server -Dfile.encoding=UTF-8 -XX:+ShowCodeDetailsInExceptionMessages 
java_command: com.evgateway.server.EvgDriverServerApplication --spring.output.ansi.enabled=always
java_class_path (initial): C:\Users\Evgateway India\Documents\New folder\New folder\New folder\Driver-Evg-Server\target\classes;C:\Users\Evgateway India\.m2\repository\org\springframework\boot\spring-boot-starter-security\2.7.9\spring-boot-starter-security-2.7.9.jar;C:\Users\Evgateway India\.m2\repository\org\springframework\boot\spring-boot-starter\2.7.9\spring-boot-starter-2.7.9.jar;C:\Users\Evgateway India\.m2\repository\org\springframework\boot\spring-boot-starter-logging\2.7.9\spring-boot-starter-logging-2.7.9.jar;C:\Users\Evgateway India\.m2\repository\ch\qos\logback\logback-classic\1.2.11\logback-classic-1.2.11.jar;C:\Users\Evgateway India\.m2\repository\ch\qos\logback\logback-core\1.2.11\logback-core-1.2.11.jar;C:\Users\Evgateway India\.m2\repository\org\apache\logging\log4j\log4j-to-slf4j\2.17.2\log4j-to-slf4j-2.17.2.jar;C:\Users\Evgateway India\.m2\repository\org\apache\logging\log4j\log4j-api\2.17.2\log4j-api-2.17.2.jar;C:\Users\Evgateway India\.m2\repository\org\slf4j\jul-to-slf4j\1.7.36\jul-to-slf4j-1.7.36.jar;C:\Users\Evgateway India\.m2\repository\jakarta\annotation\jakarta.annotation-api\1.3.5\jakarta.annotation-api-1.3.5.jar;C:\Users\Evgateway India\.m2\repository\org\yaml\snakeyaml\1.30\snakeyaml-1.30.jar;C:\Users\Evgateway India\.m2\repository\org\springframework\spring-aop\5.3.25\spring-aop-5.3.25.jar;C:\Users\Evgateway India\.m2\repository\org\springframework\spring-beans\5.3.25\spring-beans-5.3.25.jar;C:\Users\Evgateway India\.m2\repository\org\springframework\security\spring-security-config\5.7.7\spring-security-config-5.7.7.jar;C:\Users\Evgateway India\.m2\repository\org\springframework\security\spring-security-core\5.7.7\spring-security-core-5.7.7.jar;C:\Users\Evgateway India\.m2\repository\org\springframework\security\spring-security-crypto\5.7.7\spring-security-crypto-5.7.7.jar;C:\Users\Evgateway India\.m2\repository\org\springframework\spring-context\5.3.25\spring-context-5.3.25.jar;C:\Users\Evgateway India\.m2\repository\org\springfram
Launcher Type: SUN_STANDARD

[Global flags]
     intx CICompilerCount                          = 4                                         {product} {ergonomic}
     uint ConcGCThreads                            = 2                                         {product} {ergonomic}
     uint G1ConcRefinementThreads                  = 8                                         {product} {ergonomic}
   size_t G1HeapRegionSize                         = 1048576                                   {product} {ergonomic}
    uintx GCDrainStackTargetSize                   = 64                                        {product} {ergonomic}
   size_t InitialHeapSize                          = 130023424                                 {product} {ergonomic}
     bool ManagementServer                         = true                                      {product} {command line}
   size_t MarkStackSize                            = 4194304                                   {product} {ergonomic}
   size_t MaxHeapSize                              = 2055208960                                {product} {ergonomic}
   size_t MaxNewSize                               = 1233125376                                {product} {ergonomic}
   size_t MinHeapDeltaBytes                        = 1048576                                   {product} {ergonomic}
   size_t MinHeapSize                              = 8388608                                   {product} {ergonomic}
    uintx NonProfiledCodeHeapSize                  = 0                                      {pd product} {ergonomic}
     bool ProfileInterpreter                       = false                                  {pd product} {command line}
    uintx ProfiledCodeHeapSize                     = 0                                      {pd product} {ergonomic}
     bool ShowCodeDetailsInExceptionMessages       = true                                   {manageable} {command line}
   size_t SoftMaxHeapSize                          = 2055208960                             {manageable} {ergonomic}
     intx TieredStopAtLevel                        = 1                                         {product} {command line}
     bool UseCompressedClassPointers               = true                           {product lp64_product} {ergonomic}
     bool UseCompressedOops                        = true                           {product lp64_product} {ergonomic}
     bool UseG1GC                                  = true                                      {product} {ergonomic}
     bool UseLargePagesIndividualAllocation        = false                                  {pd product} {ergonomic}

Logging:
Log output configuration:
 #0: stdout all=warning uptime,level,tags
 #1: stderr all=off uptime,level,tags

Environment Variables:
PATH=C:/Users/Evgateway India/Downloads/sts-4.16.1.RELEASE//plugins/org.eclipse.justj.openjdk.hotspot.jre.full.win32.x86_64_17.0.4.v20221004-1257/jre/bin/server;C:/Users/Evgateway India/Downloads/sts-4.16.1.RELEASE//plugins/org.eclipse.justj.openjdk.hotspot.jre.full.win32.x86_64_17.0.4.v20221004-1257/jre/bin;C:\Program Files (x86)\Common Files\Oracle\Java\javapath;C:\Program Files\Common Files\Oracle\Java\javapath;C:\WINDOWS\System32\WindowsPowerShell\v1.0\;C:\ProgramData\Oracle\Java\javapath;C:\WINDOWS\system32;C:\WINDOWS;C:\WINDOWS\System32\Wbem;C:\WINDOWS\System32\OpenSSH\;C:\Program Files\Java\jdk1.8.0_131\bin;C:\Program Files\nodejs\;C:\Program Files\PuTTY\;C:\Program Files\Git\cmd;C:\Program Files\Java\jdk-11.0.16.1\bin;C:\Program Files (x86)\Microsoft SQL Server\160\DTS\Binn\;C:\Program Files\Azure Data Studio\bin;C:\Program Files\TortoiseSVN\bin;C:\Users\Evgateway India\AppData\Local\Microsoft\WindowsApps;C:\Program Files\Java\jdk1.8.0_131\bin;;C:\Users\Evgateway India\AppData\Local\Programs\Microsoft VS Code\bin;C:\Users\Evgateway India\AppData\Roaming\npm;C:\Program Files\Azure Data Studio\bin;C:\Program Files\Azure Data Studio\bin;C:\WINDOWS\system32;
USERNAME=Evgateway India
OS=Windows_NT
PROCESSOR_IDENTIFIER=Intel64 Family 6 Model 140 Stepping 1, GenuineIntel
TMP=C:\Users\EVGATE~1\AppData\Local\Temp
TEMP=C:\Users\EVGATE~1\AppData\Local\Temp



---------------  S Y S T E M  ---------------

OS:
 Windows 11 , 64 bit Build 22621 (10.0.22621.3374)
OS uptime: 1 days 7:30 hours

CPU: total 8 (initial active 8) (4 cores per cpu, 2 threads per core) family 6 model 140 stepping 1 microcode 0xb4, cx8, cmov, fxsr, ht, mmx, 3dnowpref, sse, sse2, sse3, ssse3, sse4.1, sse4.2, popcnt, lzcnt, tsc, tscinvbit, avx, avx2, aes, erms, clmul, bmi1, bmi2, adx, avx512f, avx512dq, avx512cd, avx512bw, avx512vl, sha, fma, vzeroupper, avx512_vpopcntdq, avx512_vpclmulqdq, avx512_vaes, avx512_vnni, clflush, clflushopt, clwb, avx512_vbmi2, avx512_vbmi

Memory: 4k page, system-wide physical 7834M (270M free)
TotalPageFile size 31386M (AvailPageFile size 0M)
current process WorkingSet (physical memory assigned to process): 178M, peak: 178M
current process commit charge ("private bytes"): 213M, peak: 230M

vm_info: OpenJDK 64-Bit Server VM (17.0.4.1+1) for windows-amd64 JRE (17.0.4.1+1), built on Aug 17 2022 07:42:43 by "temurin" with MS VC++ 16.7 (VS2019)

END.
